Analysis & Synthesis report for Pong_juego_completo
Wed Nov 27 11:31:13 2013
Quartus II 64-Bit Version 13.0.1 Build 232 06/12/2013 Service Pack 1 SJ Web Edition


---------------------
; Table of Contents ;
---------------------
  1. Legal Notice
  2. Analysis & Synthesis Summary
  3. Analysis & Synthesis Settings
  4. Parallel Compilation
  5. Analysis & Synthesis Source Files Read
  6. Analysis & Synthesis Resource Usage Summary
  7. Analysis & Synthesis Resource Utilization by Entity
  8. User-Specified and Inferred Latches
  9. Registers Removed During Synthesis
 10. General Register Statistics
 11. Inverted Register Statistics
 12. Multiplexer Restructuring Statistics (Restructuring Performed)
 13. Parameter Settings for User Entity Instance: sonidos_pwm:sonidos
 14. Parameter Settings for Inferred Entity Instance: sonidos_pwm:sonidos|lpm_mult:Mult0
 15. lpm_mult Parameter Settings by Entity Instance
 16. Elapsed Time Per Partition
 17. Analysis & Synthesis Messages
 18. Analysis & Synthesis Suppressed Messages



----------------
; Legal Notice ;
----------------
Copyright (C) 1991-2013 Altera Corporation
Your use of Altera Corporation's design tools, logic functions 
and other software and tools, and its AMPP partner logic 
functions, and any output files from any of the foregoing 
(including device programming or simulation files), and any 
associated documentation or information are expressly subject 
to the terms and conditions of the Altera Program License 
Subscription Agreement, Altera MegaCore Function License 
Agreement, or other applicable license agreement, including, 
without limitation, that your use is for the sole purpose of 
programming logic devices manufactured by Altera and sold by 
Altera or its authorized distributors.  Please refer to the 
applicable agreement for further details.



+--------------------------------------------------------------------------------------+
; Analysis & Synthesis Summary                                                         ;
+------------------------------------+-------------------------------------------------+
; Analysis & Synthesis Status        ; Successful - Wed Nov 27 11:31:13 2013           ;
; Quartus II 64-Bit Version          ; 13.0.1 Build 232 06/12/2013 SP 1 SJ Web Edition ;
; Revision Name                      ; Pong_juego_completo                             ;
; Top-level Entity Name              ; cabecera                                        ;
; Family                             ; Cyclone II                                      ;
; Total logic elements               ; 2,645                                           ;
;     Total combinational functions  ; 2,645                                           ;
;     Dedicated logic registers      ; 209                                             ;
; Total registers                    ; 209                                             ;
; Total pins                         ; 57                                              ;
; Total virtual pins                 ; 0                                               ;
; Total memory bits                  ; 0                                               ;
; Embedded Multiplier 9-bit elements ; 0                                               ;
; Total PLLs                         ; 0                                               ;
+------------------------------------+-------------------------------------------------+


+-----------------------------------------------------------------------------------------------------------------------+
; Analysis & Synthesis Settings                                                                                         ;
+----------------------------------------------------------------------------+--------------------+---------------------+
; Option                                                                     ; Setting            ; Default Value       ;
+----------------------------------------------------------------------------+--------------------+---------------------+
; Device                                                                     ; EP2C20F484C7       ;                     ;
; Top-level entity name                                                      ; cabecera           ; Pong_juego_completo ;
; Family name                                                                ; Cyclone II         ; Cyclone IV GX       ;
; Use smart compilation                                                      ; Off                ; Off                 ;
; Enable parallel Assembler and TimeQuest Timing Analyzer during compilation ; On                 ; On                  ;
; Enable compact report table                                                ; Off                ; Off                 ;
; Restructure Multiplexers                                                   ; Auto               ; Auto                ;
; Create Debugging Nodes for IP Cores                                        ; Off                ; Off                 ;
; Preserve fewer node names                                                  ; On                 ; On                  ;
; Disable OpenCore Plus hardware evaluation                                  ; Off                ; Off                 ;
; Verilog Version                                                            ; Verilog_2001       ; Verilog_2001        ;
; VHDL Version                                                               ; VHDL_1993          ; VHDL_1993           ;
; State Machine Processing                                                   ; Auto               ; Auto                ;
; Safe State Machine                                                         ; Off                ; Off                 ;
; Extract Verilog State Machines                                             ; On                 ; On                  ;
; Extract VHDL State Machines                                                ; On                 ; On                  ;
; Ignore Verilog initial constructs                                          ; Off                ; Off                 ;
; Iteration limit for constant Verilog loops                                 ; 5000               ; 5000                ;
; Iteration limit for non-constant Verilog loops                             ; 250                ; 250                 ;
; Add Pass-Through Logic to Inferred RAMs                                    ; On                 ; On                  ;
; Infer RAMs from Raw Logic                                                  ; On                 ; On                  ;
; Parallel Synthesis                                                         ; On                 ; On                  ;
; DSP Block Balancing                                                        ; Auto               ; Auto                ;
; NOT Gate Push-Back                                                         ; On                 ; On                  ;
; Power-Up Don't Care                                                        ; On                 ; On                  ;
; Remove Redundant Logic Cells                                               ; Off                ; Off                 ;
; Remove Duplicate Registers                                                 ; On                 ; On                  ;
; Ignore CARRY Buffers                                                       ; Off                ; Off                 ;
; Ignore CASCADE Buffers                                                     ; Off                ; Off                 ;
; Ignore GLOBAL Buffers                                                      ; Off                ; Off                 ;
; Ignore ROW GLOBAL Buffers                                                  ; Off                ; Off                 ;
; Ignore LCELL Buffers                                                       ; Off                ; Off                 ;
; Ignore SOFT Buffers                                                        ; On                 ; On                  ;
; Limit AHDL Integers to 32 Bits                                             ; Off                ; Off                 ;
; Optimization Technique                                                     ; Balanced           ; Balanced            ;
; Carry Chain Length                                                         ; 70                 ; 70                  ;
; Auto Carry Chains                                                          ; On                 ; On                  ;
; Auto Open-Drain Pins                                                       ; On                 ; On                  ;
; Perform WYSIWYG Primitive Resynthesis                                      ; Off                ; Off                 ;
; Auto ROM Replacement                                                       ; On                 ; On                  ;
; Auto RAM Replacement                                                       ; On                 ; On                  ;
; Auto Shift Register Replacement                                            ; Auto               ; Auto                ;
; Allow Shift Register Merging across Hierarchies                            ; Auto               ; Auto                ;
; Auto Clock Enable Replacement                                              ; On                 ; On                  ;
; Strict RAM Replacement                                                     ; Off                ; Off                 ;
; Allow Synchronous Control Signals                                          ; On                 ; On                  ;
; Force Use of Synchronous Clear Signals                                     ; Off                ; Off                 ;
; Auto RAM to Logic Cell Conversion                                          ; Off                ; Off                 ;
; Auto Resource Sharing                                                      ; Off                ; Off                 ;
; Allow Any RAM Size For Recognition                                         ; Off                ; Off                 ;
; Allow Any ROM Size For Recognition                                         ; Off                ; Off                 ;
; Allow Any Shift Register Size For Recognition                              ; Off                ; Off                 ;
; Use LogicLock Constraints during Resource Balancing                        ; On                 ; On                  ;
; Ignore translate_off and synthesis_off directives                          ; Off                ; Off                 ;
; Timing-Driven Synthesis                                                    ; Off                ; Off                 ;
; Report Parameter Settings                                                  ; On                 ; On                  ;
; Report Source Assignments                                                  ; On                 ; On                  ;
; Report Connectivity Checks                                                 ; On                 ; On                  ;
; Ignore Maximum Fan-Out Assignments                                         ; Off                ; Off                 ;
; Synchronization Register Chain Length                                      ; 2                  ; 2                   ;
; PowerPlay Power Optimization                                               ; Normal compilation ; Normal compilation  ;
; HDL message level                                                          ; Level2             ; Level2              ;
; Suppress Register Optimization Related Messages                            ; Off                ; Off                 ;
; Number of Removed Registers Reported in Synthesis Report                   ; 5000               ; 5000                ;
; Number of Swept Nodes Reported in Synthesis Report                         ; 5000               ; 5000                ;
; Number of Inverted Registers Reported in Synthesis Report                  ; 100                ; 100                 ;
; Clock MUX Protection                                                       ; On                 ; On                  ;
; Auto Gated Clock Conversion                                                ; Off                ; Off                 ;
; Block Design Naming                                                        ; Auto               ; Auto                ;
; SDC constraint protection                                                  ; Off                ; Off                 ;
; Synthesis Effort                                                           ; Auto               ; Auto                ;
; Shift Register Replacement - Allow Asynchronous Clear Signal               ; On                 ; On                  ;
; Pre-Mapping Resynthesis Optimization                                       ; Off                ; Off                 ;
; Analysis & Synthesis Message Level                                         ; Medium             ; Medium              ;
; Disable Register Merging Across Hierarchies                                ; Auto               ; Auto                ;
; Resource Aware Inference For Block RAM                                     ; On                 ; On                  ;
; Synthesis Seed                                                             ; 1                  ; 1                   ;
+----------------------------------------------------------------------------+--------------------+---------------------+


Parallel compilation was disabled, but you have multiple processors available. Enable parallel compilation to reduce compilation time.
+-------------------------------------+
; Parallel Compilation                ;
+----------------------------+--------+
; Processors                 ; Number ;
+----------------------------+--------+
; Number detected on machine ; 4      ;
; Maximum allowed            ; 1      ;
+----------------------------+--------+


+-------------------------------------------------------------------------------------------------------------------------------------------------------------------------------------------------------------------------------+
; Analysis & Synthesis Source Files Read                                                                                                                                                                                        ;
+----------------------------------+-----------------+------------------------------+---------------------------------------------------------------------------------------------------------------------------------+---------+
; File Name with User-Entered Path ; Used in Netlist ; File Type                    ; File Name with Absolute Path                                                                                                    ; Library ;
+----------------------------------+-----------------+------------------------------+---------------------------------------------------------------------------------------------------------------------------------+---------+
; sonidos_pwm.vhd                  ; yes             ; User VHDL File               ; D:/Mis Documentos/UTN!/3er año/Tecnicas Digitales I/Proyecto Final de la materia/PONG - Version completa 3c/sonidos_pwm.vhd     ;         ;
; font_rom.vhd                     ; yes             ; User VHDL File               ; D:/Mis Documentos/UTN!/3er año/Tecnicas Digitales I/Proyecto Final de la materia/PONG - Version completa 3c/font_rom.vhd        ;         ;
; texto.vhd                        ; yes             ; User VHDL File               ; D:/Mis Documentos/UTN!/3er año/Tecnicas Digitales I/Proyecto Final de la materia/PONG - Version completa 3c/texto.vhd           ;         ;
; sincronismo_vga.vhd              ; yes             ; User VHDL File               ; D:/Mis Documentos/UTN!/3er año/Tecnicas Digitales I/Proyecto Final de la materia/PONG - Version completa 3c/sincronismo_vga.vhd ;         ;
; siete_segmentos.vhd              ; yes             ; User VHDL File               ; D:/Mis Documentos/UTN!/3er año/Tecnicas Digitales I/Proyecto Final de la materia/PONG - Version completa 3c/siete_segmentos.vhd ;         ;
; cabecera.vhd                     ; yes             ; User VHDL File               ; D:/Mis Documentos/UTN!/3er año/Tecnicas Digitales I/Proyecto Final de la materia/PONG - Version completa 3c/cabecera.vhd        ;         ;
; animacion.vhd                    ; yes             ; User VHDL File               ; D:/Mis Documentos/UTN!/3er año/Tecnicas Digitales I/Proyecto Final de la materia/PONG - Version completa 3c/animacion.vhd       ;         ;
; pckg.vhd                         ; yes             ; User VHDL File               ; D:/Mis Documentos/UTN!/3er año/Tecnicas Digitales I/Proyecto Final de la materia/PONG - Version completa 3c/pckg.vhd            ;         ;
; lpm_mult.tdf                     ; yes             ; Megafunction                 ; f:/altera/13.0sp1/quartus/libraries/megafunctions/lpm_mult.tdf                                                                  ;         ;
; aglobal130.inc                   ; yes             ; Megafunction                 ; f:/altera/13.0sp1/quartus/libraries/megafunctions/aglobal130.inc                                                                ;         ;
; lpm_add_sub.inc                  ; yes             ; Megafunction                 ; f:/altera/13.0sp1/quartus/libraries/megafunctions/lpm_add_sub.inc                                                               ;         ;
; multcore.inc                     ; yes             ; Megafunction                 ; f:/altera/13.0sp1/quartus/libraries/megafunctions/multcore.inc                                                                  ;         ;
; bypassff.inc                     ; yes             ; Megafunction                 ; f:/altera/13.0sp1/quartus/libraries/megafunctions/bypassff.inc                                                                  ;         ;
; altshift.inc                     ; yes             ; Megafunction                 ; f:/altera/13.0sp1/quartus/libraries/megafunctions/altshift.inc                                                                  ;         ;
; multcore.tdf                     ; yes             ; Megafunction                 ; f:/altera/13.0sp1/quartus/libraries/megafunctions/multcore.tdf                                                                  ;         ;
; csa_add.inc                      ; yes             ; Megafunction                 ; f:/altera/13.0sp1/quartus/libraries/megafunctions/csa_add.inc                                                                   ;         ;
; mpar_add.inc                     ; yes             ; Megafunction                 ; f:/altera/13.0sp1/quartus/libraries/megafunctions/mpar_add.inc                                                                  ;         ;
; muleabz.inc                      ; yes             ; Megafunction                 ; f:/altera/13.0sp1/quartus/libraries/megafunctions/muleabz.inc                                                                   ;         ;
; mul_lfrg.inc                     ; yes             ; Megafunction                 ; f:/altera/13.0sp1/quartus/libraries/megafunctions/mul_lfrg.inc                                                                  ;         ;
; mul_boothc.inc                   ; yes             ; Megafunction                 ; f:/altera/13.0sp1/quartus/libraries/megafunctions/mul_boothc.inc                                                                ;         ;
; alt_ded_mult.inc                 ; yes             ; Megafunction                 ; f:/altera/13.0sp1/quartus/libraries/megafunctions/alt_ded_mult.inc                                                              ;         ;
; alt_ded_mult_y.inc               ; yes             ; Megafunction                 ; f:/altera/13.0sp1/quartus/libraries/megafunctions/alt_ded_mult_y.inc                                                            ;         ;
; dffpipe.inc                      ; yes             ; Megafunction                 ; f:/altera/13.0sp1/quartus/libraries/megafunctions/dffpipe.inc                                                                   ;         ;
; mpar_add.tdf                     ; yes             ; Megafunction                 ; f:/altera/13.0sp1/quartus/libraries/megafunctions/mpar_add.tdf                                                                  ;         ;
; lpm_add_sub.tdf                  ; yes             ; Megafunction                 ; f:/altera/13.0sp1/quartus/libraries/megafunctions/lpm_add_sub.tdf                                                               ;         ;
; addcore.inc                      ; yes             ; Megafunction                 ; f:/altera/13.0sp1/quartus/libraries/megafunctions/addcore.inc                                                                   ;         ;
; look_add.inc                     ; yes             ; Megafunction                 ; f:/altera/13.0sp1/quartus/libraries/megafunctions/look_add.inc                                                                  ;         ;
; alt_stratix_add_sub.inc          ; yes             ; Megafunction                 ; f:/altera/13.0sp1/quartus/libraries/megafunctions/alt_stratix_add_sub.inc                                                       ;         ;
; db/add_sub_5ch.tdf               ; yes             ; Auto-Generated Megafunction  ; D:/Mis Documentos/UTN!/3er año/Tecnicas Digitales I/Proyecto Final de la materia/PONG - Version completa 3c/db/add_sub_5ch.tdf  ;         ;
; db/add_sub_9ch.tdf               ; yes             ; Auto-Generated Megafunction  ; D:/Mis Documentos/UTN!/3er año/Tecnicas Digitales I/Proyecto Final de la materia/PONG - Version completa 3c/db/add_sub_9ch.tdf  ;         ;
; altshift.tdf                     ; yes             ; Megafunction                 ; f:/altera/13.0sp1/quartus/libraries/megafunctions/altshift.tdf                                                                  ;         ;
+----------------------------------+-----------------+------------------------------+---------------------------------------------------------------------------------------------------------------------------------+---------+


+------------------------------------------------------------------------------------------------------+
; Analysis & Synthesis Resource Usage Summary                                                          ;
+---------------------------------------------+--------------------------------------------------------+
; Resource                                    ; Usage                                                  ;
+---------------------------------------------+--------------------------------------------------------+
; Estimated Total logic elements              ; 2,645                                                  ;
;                                             ;                                                        ;
; Total combinational functions               ; 2645                                                   ;
; Logic element usage by number of LUT inputs ;                                                        ;
;     -- 4 input functions                    ; 1841                                                   ;
;     -- 3 input functions                    ; 487                                                    ;
;     -- <=2 input functions                  ; 317                                                    ;
;                                             ;                                                        ;
; Logic elements by mode                      ;                                                        ;
;     -- normal mode                          ; 2297                                                   ;
;     -- arithmetic mode                      ; 348                                                    ;
;                                             ;                                                        ;
; Total registers                             ; 209                                                    ;
;     -- Dedicated logic registers            ; 209                                                    ;
;     -- I/O registers                        ; 0                                                      ;
;                                             ;                                                        ;
; I/O pins                                    ; 57                                                     ;
; Embedded Multiplier 9-bit elements          ; 0                                                      ;
; Maximum fan-out node                        ; texto:texto_en_pantalla|font_rom:font_unit|addr_reg[5] ;
; Maximum fan-out                             ; 338                                                    ;
; Total fan-out                               ; 10148                                                  ;
; Average fan-out                             ; 3.49                                                   ;
+---------------------------------------------+--------------------------------------------------------+


+-------------------------------------------------------------------------------------------------------------------------------------------------------------------------------------------------------------------------------------------------------------------------------------------------------------+
; Analysis & Synthesis Resource Utilization by Entity                                                                                                                                                                                                                                                         ;
+------------------------------------------------+-------------------+--------------+-------------+--------------+---------+-----------+------+--------------+---------------------------------------------------------------------------------------------------------------------------------+--------------+
; Compilation Hierarchy Node                     ; LC Combinationals ; LC Registers ; Memory Bits ; DSP Elements ; DSP 9x9 ; DSP 18x18 ; Pins ; Virtual Pins ; Full Hierarchy Name                                                                                                             ; Library Name ;
+------------------------------------------------+-------------------+--------------+-------------+--------------+---------+-----------+------+--------------+---------------------------------------------------------------------------------------------------------------------------------+--------------+
; |cabecera                                      ; 2645 (9)          ; 209 (3)      ; 0           ; 0            ; 0       ; 0         ; 57   ; 0            ; |cabecera                                                                                                                       ; work         ;
;    |animacion:graficos|                        ; 956 (956)         ; 84 (84)      ; 0           ; 0            ; 0       ; 0         ; 0    ; 0            ; |cabecera|animacion:graficos                                                                                                    ; work         ;
;    |siete_segmentos:contador_puntaje_d0|       ; 16 (16)           ; 0 (0)        ; 0           ; 0            ; 0       ; 0         ; 0    ; 0            ; |cabecera|siete_segmentos:contador_puntaje_d0                                                                                   ; work         ;
;    |siete_segmentos:contador_puntaje_d1|       ; 31 (31)           ; 0 (0)        ; 0           ; 0            ; 0       ; 0         ; 0    ; 0            ; |cabecera|siete_segmentos:contador_puntaje_d1                                                                                   ; work         ;
;    |siete_segmentos:contador_puntaje_d2|       ; 32 (32)           ; 0 (0)        ; 0           ; 0            ; 0       ; 0         ; 0    ; 0            ; |cabecera|siete_segmentos:contador_puntaje_d2                                                                                   ; work         ;
;    |siete_segmentos:contador_puntaje_d3|       ; 44 (44)           ; 0 (0)        ; 0           ; 0            ; 0       ; 0         ; 0    ; 0            ; |cabecera|siete_segmentos:contador_puntaje_d3                                                                                   ; work         ;
;    |sincronismo_vga:sinc|                      ; 45 (45)           ; 23 (23)      ; 0           ; 0            ; 0       ; 0         ; 0    ; 0            ; |cabecera|sincronismo_vga:sinc                                                                                                  ; work         ;
;    |sonidos_pwm:sonidos|                       ; 279 (219)         ; 88 (88)      ; 0           ; 0            ; 0       ; 0         ; 0    ; 0            ; |cabecera|sonidos_pwm:sonidos                                                                                                   ; work         ;
;       |lpm_mult:Mult0|                         ; 60 (0)            ; 0 (0)        ; 0           ; 0            ; 0       ; 0         ; 0    ; 0            ; |cabecera|sonidos_pwm:sonidos|lpm_mult:Mult0                                                                                    ; work         ;
;          |multcore:mult_core|                  ; 60 (38)           ; 0 (0)        ; 0           ; 0            ; 0       ; 0         ; 0    ; 0            ; |cabecera|sonidos_pwm:sonidos|lpm_mult:Mult0|multcore:mult_core                                                                 ; work         ;
;             |mpar_add:padder|                  ; 22 (0)            ; 0 (0)        ; 0           ; 0            ; 0       ; 0         ; 0    ; 0            ; |cabecera|sonidos_pwm:sonidos|lpm_mult:Mult0|multcore:mult_core|mpar_add:padder                                                 ; work         ;
;                |lpm_add_sub:adder[0]|          ; 22 (0)            ; 0 (0)        ; 0           ; 0            ; 0       ; 0         ; 0    ; 0            ; |cabecera|sonidos_pwm:sonidos|lpm_mult:Mult0|multcore:mult_core|mpar_add:padder|lpm_add_sub:adder[0]                            ; work         ;
;                   |add_sub_5ch:auto_generated| ; 22 (22)           ; 0 (0)        ; 0           ; 0            ; 0       ; 0         ; 0    ; 0            ; |cabecera|sonidos_pwm:sonidos|lpm_mult:Mult0|multcore:mult_core|mpar_add:padder|lpm_add_sub:adder[0]|add_sub_5ch:auto_generated ; work         ;
;    |texto:texto_en_pantalla|                   ; 1233 (1233)       ; 11 (0)       ; 0           ; 0            ; 0       ; 0         ; 0    ; 0            ; |cabecera|texto:texto_en_pantalla                                                                                               ; work         ;
;       |font_rom:font_unit|                     ; 0 (0)             ; 11 (11)      ; 0           ; 0            ; 0       ; 0         ; 0    ; 0            ; |cabecera|texto:texto_en_pantalla|font_rom:font_unit                                                                            ; work         ;
+------------------------------------------------+-------------------+--------------+-------------+--------------+---------+-----------+------+--------------+---------------------------------------------------------------------------------------------------------------------------------+--------------+
Note: For table entries with two numbers listed, the numbers in parentheses indicate the number of resources of the given type used by the specific entity alone. The numbers listed outside of parentheses indicate the total resources of the given type used by the specific entity and all of its sub-entities in the hierarchy.


+--------------------------------------------------------------------------------------------------------------------+
; User-Specified and Inferred Latches                                                                                ;
+-----------------------------------------------------+-------------------------------------+------------------------+
; Latch Name                                          ; Latch Enable Signal                 ; Free of Timing Hazards ;
+-----------------------------------------------------+-------------------------------------+------------------------+
; siete_segmentos:contador_puntaje_d0|salida[0]       ; GND                                 ; yes                    ;
; siete_segmentos:contador_puntaje_d0|salida[1]       ; GND                                 ; yes                    ;
; siete_segmentos:contador_puntaje_d0|salida[2]       ; GND                                 ; yes                    ;
; siete_segmentos:contador_puntaje_d0|salida[3]       ; GND                                 ; yes                    ;
; siete_segmentos:contador_puntaje_d0|salida[4]       ; GND                                 ; yes                    ;
; siete_segmentos:contador_puntaje_d0|salida[5]       ; GND                                 ; yes                    ;
; siete_segmentos:contador_puntaje_d0|salida[6]       ; GND                                 ; yes                    ;
; siete_segmentos:contador_puntaje_d1|salida[0]       ; GND                                 ; yes                    ;
; siete_segmentos:contador_puntaje_d1|salida[1]       ; GND                                 ; yes                    ;
; siete_segmentos:contador_puntaje_d1|salida[2]       ; GND                                 ; yes                    ;
; siete_segmentos:contador_puntaje_d1|salida[3]       ; GND                                 ; yes                    ;
; siete_segmentos:contador_puntaje_d1|salida[4]       ; GND                                 ; yes                    ;
; siete_segmentos:contador_puntaje_d1|salida[5]       ; GND                                 ; yes                    ;
; siete_segmentos:contador_puntaje_d1|salida[6]       ; GND                                 ; yes                    ;
; siete_segmentos:contador_puntaje_d2|salida[0]       ; GND                                 ; yes                    ;
; siete_segmentos:contador_puntaje_d2|salida[1]       ; GND                                 ; yes                    ;
; siete_segmentos:contador_puntaje_d2|salida[2]       ; GND                                 ; yes                    ;
; siete_segmentos:contador_puntaje_d2|salida[3]       ; GND                                 ; yes                    ;
; siete_segmentos:contador_puntaje_d2|salida[4]       ; GND                                 ; yes                    ;
; siete_segmentos:contador_puntaje_d2|salida[5]       ; GND                                 ; yes                    ;
; siete_segmentos:contador_puntaje_d2|salida[6]       ; GND                                 ; yes                    ;
; siete_segmentos:contador_puntaje_d3|salida[0]       ; GND                                 ; yes                    ;
; siete_segmentos:contador_puntaje_d3|salida[1]       ; GND                                 ; yes                    ;
; siete_segmentos:contador_puntaje_d3|salida[2]       ; GND                                 ; yes                    ;
; siete_segmentos:contador_puntaje_d3|salida[3]       ; GND                                 ; yes                    ;
; siete_segmentos:contador_puntaje_d3|salida[4]       ; GND                                 ; yes                    ;
; siete_segmentos:contador_puntaje_d3|salida[5]       ; GND                                 ; yes                    ;
; siete_segmentos:contador_puntaje_d3|salida[6]       ; GND                                 ; yes                    ;
; animacion:graficos|band_2[0]                        ; multiplayer                         ; yes                    ;
; animacion:graficos|band_2[1]                        ; multiplayer                         ; yes                    ;
; texto:texto_en_pantalla|bit_addr[0]                 ; texto:texto_en_pantalla|bit_addr[0] ; yes                    ;
; texto:texto_en_pantalla|bit_addr[1]                 ; texto:texto_en_pantalla|bit_addr[0] ; yes                    ;
; texto:texto_en_pantalla|bit_addr[2]                 ; texto:texto_en_pantalla|bit_addr[0] ; yes                    ;
; animacion:graficos|graph_rgb[2]                     ; animacion:graficos|graph_rgb[2]     ; yes                    ;
; animacion:graficos|graph_rgb[1]                     ; animacion:graficos|graph_rgb[2]     ; yes                    ;
; animacion:graficos|graph_rgb[0]                     ; animacion:graficos|graph_rgb[2]     ; yes                    ;
; texto:texto_en_pantalla|char_addr[1]                ; texto:texto_en_pantalla|bit_addr[0] ; yes                    ;
; texto:texto_en_pantalla|char_addr[2]                ; texto:texto_en_pantalla|bit_addr[0] ; yes                    ;
; texto:texto_en_pantalla|char_addr[3]                ; texto:texto_en_pantalla|bit_addr[0] ; yes                    ;
; texto:texto_en_pantalla|char_addr[0]                ; texto:texto_en_pantalla|bit_addr[0] ; yes                    ;
; texto:texto_en_pantalla|row_addr[0]                 ; texto:texto_en_pantalla|bit_addr[0] ; yes                    ;
; texto:texto_en_pantalla|char_addr[6]                ; texto:texto_en_pantalla|bit_addr[0] ; yes                    ;
; texto:texto_en_pantalla|char_addr[4]                ; texto:texto_en_pantalla|bit_addr[0] ; yes                    ;
; texto:texto_en_pantalla|row_addr[3]                 ; texto:texto_en_pantalla|bit_addr[0] ; yes                    ;
; texto:texto_en_pantalla|row_addr[2]                 ; texto:texto_en_pantalla|bit_addr[0] ; yes                    ;
; texto:texto_en_pantalla|row_addr[1]                 ; texto:texto_en_pantalla|bit_addr[0] ; yes                    ;
; texto:texto_en_pantalla|char_addr[5]                ; texto:texto_en_pantalla|bit_addr[0] ; yes                    ;
; animacion:graficos|puntaje_max[7]                   ; animacion:graficos|process_2        ; yes                    ;
; animacion:graficos|puntaje_max[8]                   ; animacion:graficos|process_2        ; yes                    ;
; animacion:graficos|puntaje_max[9]                   ; animacion:graficos|process_2        ; yes                    ;
; animacion:graficos|puntaje_max[10]                  ; animacion:graficos|process_2        ; yes                    ;
; animacion:graficos|puntaje_max[11]                  ; animacion:graficos|process_2        ; yes                    ;
; animacion:graficos|puntaje_max[13]                  ; animacion:graficos|process_2        ; yes                    ;
; animacion:graficos|puntaje_max[12]                  ; animacion:graficos|process_2        ; yes                    ;
; animacion:graficos|puntaje_max[6]                   ; animacion:graficos|process_2        ; yes                    ;
; animacion:graficos|puntaje_max[5]                   ; animacion:graficos|process_2        ; yes                    ;
; animacion:graficos|puntaje_max[4]                   ; animacion:graficos|process_2        ; yes                    ;
; animacion:graficos|puntaje_max[3]                   ; animacion:graficos|process_2        ; yes                    ;
; animacion:graficos|puntaje_max[2]                   ; animacion:graficos|process_2        ; yes                    ;
; animacion:graficos|puntaje_max[1]                   ; animacion:graficos|process_2        ; yes                    ;
; Number of user-specified and inferred latches = 60  ;                                     ;                        ;
+-----------------------------------------------------+-------------------------------------+------------------------+
Note: All latches listed above may not be present at the end of synthesis due to various synthesis optimizations.


+------------------------------------------------------------------------------------+
; Registers Removed During Synthesis                                                 ;
+----------------------------------------+-------------------------------------------+
; Register name                          ; Reason for Removal                        ;
+----------------------------------------+-------------------------------------------+
; animacion:graficos|y_delta[4..8]       ; Merged with animacion:graficos|y_delta[9] ;
; animacion:graficos|x_delta[5..9]       ; Merged with animacion:graficos|x_delta[4] ;
; Total Number of Removed Registers = 10 ;                                           ;
+----------------------------------------+-------------------------------------------+


+------------------------------------------------------+
; General Register Statistics                          ;
+----------------------------------------------+-------+
; Statistic                                    ; Value ;
+----------------------------------------------+-------+
; Total registers                              ; 209   ;
; Number of registers using Synchronous Clear  ; 19    ;
; Number of registers using Synchronous Load   ; 0     ;
; Number of registers using Asynchronous Clear ; 101   ;
; Number of registers using Asynchronous Load  ; 0     ;
; Number of registers using Clock Enable       ; 121   ;
; Number of registers using Preset             ; 0     ;
+----------------------------------------------+-------+


+---------------------------------------------------+
; Inverted Register Statistics                      ;
+-----------------------------------------+---------+
; Inverted Register                       ; Fan out ;
+-----------------------------------------+---------+
; animacion:graficos|vidas_contador[0]    ; 8       ;
; animacion:graficos|vidas_contador[2]    ; 8       ;
; animacion:graficos|bar2_rgb[2]          ; 3       ;
; animacion:graficos|bar1_rgb[2]          ; 3       ;
; animacion:graficos|bar2_rgb[1]          ; 4       ;
; animacion:graficos|bar1_rgb[1]          ; 4       ;
; animacion:graficos|bar1_rgb[0]          ; 4       ;
; animacion:graficos|bar2_rgb[0]          ; 4       ;
; animacion:graficos|x_delta[2]           ; 1       ;
; animacion:graficos|y_delta[2]           ; 1       ;
; sonidos_pwm:sonidos|contador[0]         ; 3       ;
; Total number of inverted registers = 11 ;         ;
+-----------------------------------------+---------+


+-----------------------------------------------------------------------------------------------------------------------------------------------------------------------+
; Multiplexer Restructuring Statistics (Restructuring Performed)                                                                                                        ;
+--------------------+-----------+---------------+----------------------+------------------------+------------+---------------------------------------------------------+
; Multiplexer Inputs ; Bus Width ; Baseline Area ; Area if Restructured ; Saving if Restructured ; Registered ; Example Multiplexer Output                              ;
+--------------------+-----------+---------------+----------------------+------------------------+------------+---------------------------------------------------------+
; 3:1                ; 10 bits   ; 20 LEs        ; 10 LEs               ; 10 LEs                 ; Yes        ; |cabecera|sincronismo_vga:sinc|v_count[9]               ;
; 3:1                ; 8 bits    ; 16 LEs        ; 0 LEs                ; 16 LEs                 ; Yes        ; |cabecera|animacion:graficos|bar2_y_position[3]         ;
; 3:1                ; 8 bits    ; 16 LEs        ; 0 LEs                ; 16 LEs                 ; Yes        ; |cabecera|animacion:graficos|bar1_y_position[2]         ;
; 3:1                ; 2 bits    ; 4 LEs         ; 2 LEs                ; 2 LEs                  ; Yes        ; |cabecera|animacion:graficos|y_delta[3]                 ;
; 8:1                ; 3 bits    ; 15 LEs        ; 3 LEs                ; 12 LEs                 ; Yes        ; |cabecera|rgb_reg[2]                                    ;
; 6:1                ; 2 bits    ; 8 LEs         ; 2 LEs                ; 6 LEs                  ; Yes        ; |cabecera|animacion:graficos|x_delta[1]                 ;
; 5:1                ; 2 bits    ; 6 LEs         ; 6 LEs                ; 0 LEs                  ; No         ; |cabecera|animacion:graficos|graph_rgb[1]               ;
; 5:1                ; 3 bits    ; 9 LEs         ; 6 LEs                ; 3 LEs                  ; No         ; |cabecera|siete_segmentos:contador_puntaje_d1|salida[6] ;
; 5:1                ; 3 bits    ; 9 LEs         ; 6 LEs                ; 3 LEs                  ; No         ; |cabecera|siete_segmentos:contador_puntaje_d2|salida[0] ;
; 5:1                ; 3 bits    ; 9 LEs         ; 6 LEs                ; 3 LEs                  ; No         ; |cabecera|siete_segmentos:contador_puntaje_d3|salida[6] ;
; 6:1                ; 2 bits    ; 8 LEs         ; 8 LEs                ; 0 LEs                  ; No         ; |cabecera|animacion:graficos|velocity_res               ;
; 9:1                ; 4 bits    ; 24 LEs        ; 4 LEs                ; 20 LEs                 ; No         ; |cabecera|animacion:graficos|vidas_contador             ;
; 10:1               ; 7 bits    ; 42 LEs        ; 14 LEs               ; 28 LEs                 ; No         ; |cabecera|texto:texto_en_pantalla|row_addr[0]           ;
; 105:1              ; 2 bits    ; 140 LEs       ; 68 LEs               ; 72 LEs                 ; No         ; |cabecera|texto:texto_en_pantalla|char_addr[2]          ;
+--------------------+-----------+---------------+----------------------+------------------------+------------+---------------------------------------------------------+


+------------------------------------------------------------------+
; Parameter Settings for User Entity Instance: sonidos_pwm:sonidos ;
+-----------------+----------+-------------------------------------+
; Parameter Name  ; Value    ; Type                                ;
+-----------------+----------+-------------------------------------+
; sys_clk         ; 50000000 ; Signed Integer                      ;
; pwm_freq        ; 140      ; Signed Integer                      ;
; bits_resolution ; 8        ; Signed Integer                      ;
; phases          ; 2        ; Signed Integer                      ;
+-----------------+----------+-------------------------------------+
Note: In order to hide this table in the UI and the text report file, please set the "Show Parameter Settings in Synthesis Report" option in "Analysis and Synthesis Settings -> More Settings" to "Off".


+-------------------------------------------------------------------------------------+
; Parameter Settings for Inferred Entity Instance: sonidos_pwm:sonidos|lpm_mult:Mult0 ;
+------------------------------------------------+------------+-----------------------+
; Parameter Name                                 ; Value      ; Type                  ;
+------------------------------------------------+------------+-----------------------+
; AUTO_CARRY_CHAINS                              ; ON         ; AUTO_CARRY            ;
; IGNORE_CARRY_BUFFERS                           ; OFF        ; IGNORE_CARRY          ;
; AUTO_CASCADE_CHAINS                            ; ON         ; AUTO_CASCADE          ;
; IGNORE_CASCADE_BUFFERS                         ; OFF        ; IGNORE_CASCADE        ;
; LPM_WIDTHA                                     ; 10         ; Untyped               ;
; LPM_WIDTHB                                     ; 19         ; Untyped               ;
; LPM_WIDTHP                                     ; 29         ; Untyped               ;
; LPM_WIDTHR                                     ; 29         ; Untyped               ;
; LPM_WIDTHS                                     ; 1          ; Untyped               ;
; LPM_REPRESENTATION                             ; UNSIGNED   ; Untyped               ;
; LPM_PIPELINE                                   ; 0          ; Untyped               ;
; LATENCY                                        ; 0          ; Untyped               ;
; INPUT_A_IS_CONSTANT                            ; NO         ; Untyped               ;
; INPUT_B_IS_CONSTANT                            ; YES        ; Untyped               ;
; USE_EAB                                        ; OFF        ; Untyped               ;
; MAXIMIZE_SPEED                                 ; 5          ; Untyped               ;
; DEVICE_FAMILY                                  ; Cyclone II ; Untyped               ;
; CARRY_CHAIN                                    ; MANUAL     ; Untyped               ;
; APEX20K_TECHNOLOGY_MAPPER                      ; LUT        ; TECH_MAPPER_APEX20K   ;
; DEDICATED_MULTIPLIER_CIRCUITRY                 ; AUTO       ; Untyped               ;
; DEDICATED_MULTIPLIER_MIN_INPUT_WIDTH_FOR_AUTO  ; 0          ; Untyped               ;
; DEDICATED_MULTIPLIER_MIN_OUTPUT_WIDTH_FOR_AUTO ; 0          ; Untyped               ;
; CBXI_PARAMETER                                 ; NOTHING    ; Untyped               ;
; INPUT_A_FIXED_VALUE                            ; Bx         ; Untyped               ;
; INPUT_B_FIXED_VALUE                            ; Bx         ; Untyped               ;
; USE_AHDL_IMPLEMENTATION                        ; OFF        ; Untyped               ;
+------------------------------------------------+------------+-----------------------+
Note: In order to hide this table in the UI and the text report file, please set the "Show Parameter Settings in Synthesis Report" option in "Analysis and Synthesis Settings -> More Settings" to "Off".


+----------------------------------------------------------------------------+
; lpm_mult Parameter Settings by Entity Instance                             ;
+---------------------------------------+------------------------------------+
; Name                                  ; Value                              ;
+---------------------------------------+------------------------------------+
; Number of entity instances            ; 1                                  ;
; Entity Instance                       ; sonidos_pwm:sonidos|lpm_mult:Mult0 ;
;     -- LPM_WIDTHA                     ; 10                                 ;
;     -- LPM_WIDTHB                     ; 19                                 ;
;     -- LPM_WIDTHP                     ; 29                                 ;
;     -- LPM_REPRESENTATION             ; UNSIGNED                           ;
;     -- INPUT_A_IS_CONSTANT            ; NO                                 ;
;     -- INPUT_B_IS_CONSTANT            ; YES                                ;
;     -- USE_EAB                        ; OFF                                ;
;     -- DEDICATED_MULTIPLIER_CIRCUITRY ; AUTO                               ;
;     -- INPUT_A_FIXED_VALUE            ; Bx                                 ;
;     -- INPUT_B_FIXED_VALUE            ; Bx                                 ;
+---------------------------------------+------------------------------------+


+-------------------------------+
; Elapsed Time Per Partition    ;
+----------------+--------------+
; Partition Name ; Elapsed Time ;
+----------------+--------------+
; Top            ; 00:00:34     ;
+----------------+--------------+


+-------------------------------+
; Analysis & Synthesis Messages ;
+-------------------------------+
Info: *******************************************************************
Info: Running Quartus II 64-Bit Analysis & Synthesis
    Info: Version 13.0.1 Build 232 06/12/2013 Service Pack 1 SJ Web Edition
    Info: Processing started: Wed Nov 27 11:30:35 2013
Info: Command: quartus_map --read_settings_files=on --write_settings_files=off Pong_juego_completo -c Pong_juego_completo
Info (12021): Found 2 design units, including 1 entities, in source file sonidos_pwm.vhd
    Info (12022): Found design unit 1: sonidos_pwm-arch
    Info (12023): Found entity 1: sonidos_pwm
Info (12021): Found 2 design units, including 1 entities, in source file font_rom.vhd
    Info (12022): Found design unit 1: font_rom-arch
    Info (12023): Found entity 1: font_rom
Info (12021): Found 2 design units, including 1 entities, in source file texto.vhd
    Info (12022): Found design unit 1: texto-arch
    Info (12023): Found entity 1: texto
Info (12021): Found 2 design units, including 1 entities, in source file sincronismo_vga.vhd
    Info (12022): Found design unit 1: sincronismo_vga-arch
    Info (12023): Found entity 1: sincronismo_vga
Info (12021): Found 2 design units, including 1 entities, in source file siete_segmentos.vhd
    Info (12022): Found design unit 1: siete_segmentos-decodificador
    Info (12023): Found entity 1: siete_segmentos
Info (12021): Found 2 design units, including 1 entities, in source file cabecera.vhd
    Info (12022): Found design unit 1: cabecera-arch
    Info (12023): Found entity 1: cabecera
Info (12021): Found 2 design units, including 1 entities, in source file animacion.vhd
    Info (12022): Found design unit 1: animacion-arch
    Info (12023): Found entity 1: animacion
Info (12021): Found 1 design units, including 0 entities, in source file pckg.vhd
    Info (12022): Found design unit 1: pckg
Info (12127): Elaborating entity "cabecera" for the top level hierarchy
Info (12128): Elaborating entity "sincronismo_vga" for hierarchy "sincronismo_vga:sinc"
Info (12128): Elaborating entity "animacion" for hierarchy "animacion:graficos"
Warning (10540): VHDL Signal Declaration warning at animacion.vhd(140): used explicit default value for signal "logoutn_x_reg" because signal was never assigned a value
Warning (10540): VHDL Signal Declaration warning at animacion.vhd(140): used explicit default value for signal "logoutn_y_reg" because signal was never assigned a value
Warning (10631): VHDL Process Statement warning at animacion.vhd(304): inferring latch(es) for signal or variable "bar1_y_position", which holds its previous value in one or more paths through the process
Warning (10631): VHDL Process Statement warning at animacion.vhd(329): inferring latch(es) for signal or variable "bar2_y_position", which holds its previous value in one or more paths through the process
Warning (10631): VHDL Process Statement warning at animacion.vhd(410): inferring latch(es) for signal or variable "puntaje_max", which holds its previous value in one or more paths through the process
Warning (10631): VHDL Process Statement warning at animacion.vhd(410): inferring latch(es) for signal or variable "band_2", which holds its previous value in one or more paths through the process
Warning (10631): VHDL Process Statement warning at animacion.vhd(410): inferring latch(es) for signal or variable "contador_player1", which holds its previous value in one or more paths through the process
Warning (10631): VHDL Process Statement warning at animacion.vhd(410): inferring latch(es) for signal or variable "contador_player2", which holds its previous value in one or more paths through the process
Warning (10631): VHDL Process Statement warning at animacion.vhd(635): inferring latch(es) for signal or variable "graph_rgb", which holds its previous value in one or more paths through the process
Info (10041): Inferred latch for "graph_rgb[0]" at animacion.vhd(635)
Info (10041): Inferred latch for "graph_rgb[1]" at animacion.vhd(635)
Info (10041): Inferred latch for "graph_rgb[2]" at animacion.vhd(635)
Info (10041): Inferred latch for "band_2[0]" at animacion.vhd(410)
Info (10041): Inferred latch for "band_2[1]" at animacion.vhd(410)
Info (10041): Inferred latch for "band_2[2]" at animacion.vhd(410)
Info (10041): Inferred latch for "band_2[3]" at animacion.vhd(410)
Info (10041): Inferred latch for "contador_player2[0]" at animacion.vhd(453)
Info (10041): Inferred latch for "contador_player1[0]" at animacion.vhd(453)
Info (10041): Inferred latch for "puntaje_max[0]" at animacion.vhd(433)
Info (10041): Inferred latch for "puntaje_max[1]" at animacion.vhd(433)
Info (10041): Inferred latch for "puntaje_max[2]" at animacion.vhd(433)
Info (10041): Inferred latch for "puntaje_max[3]" at animacion.vhd(433)
Info (10041): Inferred latch for "puntaje_max[4]" at animacion.vhd(433)
Info (10041): Inferred latch for "puntaje_max[5]" at animacion.vhd(433)
Info (10041): Inferred latch for "puntaje_max[6]" at animacion.vhd(433)
Info (10041): Inferred latch for "puntaje_max[7]" at animacion.vhd(433)
Info (10041): Inferred latch for "puntaje_max[8]" at animacion.vhd(433)
Info (10041): Inferred latch for "puntaje_max[9]" at animacion.vhd(433)
Info (10041): Inferred latch for "puntaje_max[10]" at animacion.vhd(433)
Info (10041): Inferred latch for "puntaje_max[11]" at animacion.vhd(433)
Info (10041): Inferred latch for "puntaje_max[12]" at animacion.vhd(433)
Info (10041): Inferred latch for "puntaje_max[13]" at animacion.vhd(433)
Info (10041): Inferred latch for "bar2_y_position[0]" at animacion.vhd(329)
Info (10041): Inferred latch for "bar2_y_position[1]" at animacion.vhd(329)
Info (10041): Inferred latch for "bar1_y_position[0]" at animacion.vhd(304)
Info (10041): Inferred latch for "bar1_y_position[1]" at animacion.vhd(304)
Info (12128): Elaborating entity "siete_segmentos" for hierarchy "siete_segmentos:contador_puntaje_d0"
Info (10041): Inferred latch for "salida[0]" at siete_segmentos.vhd(23)
Info (10041): Inferred latch for "salida[1]" at siete_segmentos.vhd(23)
Info (10041): Inferred latch for "salida[2]" at siete_segmentos.vhd(23)
Info (10041): Inferred latch for "salida[3]" at siete_segmentos.vhd(23)
Info (10041): Inferred latch for "salida[4]" at siete_segmentos.vhd(23)
Info (10041): Inferred latch for "salida[5]" at siete_segmentos.vhd(23)
Info (10041): Inferred latch for "salida[6]" at siete_segmentos.vhd(23)
Info (12128): Elaborating entity "texto" for hierarchy "texto:texto_en_pantalla"
Warning (10631): VHDL Process Statement warning at texto.vhd(655): inferring latch(es) for signal or variable "char_addr", which holds its previous value in one or more paths through the process
Warning (10631): VHDL Process Statement warning at texto.vhd(655): inferring latch(es) for signal or variable "row_addr", which holds its previous value in one or more paths through the process
Warning (10631): VHDL Process Statement warning at texto.vhd(655): inferring latch(es) for signal or variable "bit_addr", which holds its previous value in one or more paths through the process
Info (10041): Inferred latch for "bit_addr[0]" at texto.vhd(655)
Info (10041): Inferred latch for "bit_addr[1]" at texto.vhd(655)
Info (10041): Inferred latch for "bit_addr[2]" at texto.vhd(655)
Info (10041): Inferred latch for "row_addr[0]" at texto.vhd(655)
Info (10041): Inferred latch for "row_addr[1]" at texto.vhd(655)
Info (10041): Inferred latch for "row_addr[2]" at texto.vhd(655)
Info (10041): Inferred latch for "row_addr[3]" at texto.vhd(655)
Info (10041): Inferred latch for "char_addr[0]" at texto.vhd(655)
Info (10041): Inferred latch for "char_addr[1]" at texto.vhd(655)
Info (10041): Inferred latch for "char_addr[2]" at texto.vhd(655)
Info (10041): Inferred latch for "char_addr[3]" at texto.vhd(655)
Info (10041): Inferred latch for "char_addr[4]" at texto.vhd(655)
Info (10041): Inferred latch for "char_addr[5]" at texto.vhd(655)
Info (10041): Inferred latch for "char_addr[6]" at texto.vhd(655)
Info (12128): Elaborating entity "font_rom" for hierarchy "texto:texto_en_pantalla|font_rom:font_unit"
Info (12128): Elaborating entity "sonidos_pwm" for hierarchy "sonidos_pwm:sonidos"
Info (278001): Inferred 1 megafunctions from design logic
    Info (278003): Inferred multiplier megafunction ("lpm_mult") from the following logic: "sonidos_pwm:sonidos|Mult0"
Info (12130): Elaborated megafunction instantiation "sonidos_pwm:sonidos|lpm_mult:Mult0"
Info (12133): Instantiated megafunction "sonidos_pwm:sonidos|lpm_mult:Mult0" with the following parameter:
    Info (12134): Parameter "LPM_WIDTHA" = "10"
    Info (12134): Parameter "LPM_WIDTHB" = "19"
    Info (12134): Parameter "LPM_WIDTHP" = "29"
    Info (12134): Parameter "LPM_WIDTHR" = "29"
    Info (12134): Parameter "LPM_WIDTHS" = "1"
    Info (12134): Parameter "LPM_REPRESENTATION" = "UNSIGNED"
    Info (12134): Parameter "INPUT_A_IS_CONSTANT" = "NO"
    Info (12134): Parameter "INPUT_B_IS_CONSTANT" = "YES"
    Info (12134): Parameter "MAXIMIZE_SPEED" = "5"
Info (12131): Elaborated megafunction instantiation "sonidos_pwm:sonidos|lpm_mult:Mult0|multcore:mult_core", which is child of megafunction instantiation "sonidos_pwm:sonidos|lpm_mult:Mult0"
Info (12131): Elaborated megafunction instantiation "sonidos_pwm:sonidos|lpm_mult:Mult0|multcore:mult_core|mpar_add:padder", which is child of megafunction instantiation "sonidos_pwm:sonidos|lpm_mult:Mult0"
Info (12131): Elaborated megafunction instantiation "sonidos_pwm:sonidos|lpm_mult:Mult0|multcore:mult_core|mpar_add:padder|lpm_add_sub:adder[0]", which is child of megafunction instantiation "sonidos_pwm:sonidos|lpm_mult:Mult0"
Info (12021): Found 1 design units, including 1 entities, in source file db/add_sub_5ch.tdf
    Info (12023): Found entity 1: add_sub_5ch
Info (12131): Elaborated megafunction instantiation "sonidos_pwm:sonidos|lpm_mult:Mult0|multcore:mult_core|mpar_add:padder|mpar_add:sub_par_add", which is child of megafunction instantiation "sonidos_pwm:sonidos|lpm_mult:Mult0"
Info (12131): Elaborated megafunction instantiation "sonidos_pwm:sonidos|lpm_mult:Mult0|multcore:mult_core|mpar_add:padder|mpar_add:sub_par_add|lpm_add_sub:adder[0]", which is child of megafunction instantiation "sonidos_pwm:sonidos|lpm_mult:Mult0"
Info (12021): Found 1 design units, including 1 entities, in source file db/add_sub_9ch.tdf
    Info (12023): Found entity 1: add_sub_9ch
Info (12131): Elaborated megafunction instantiation "sonidos_pwm:sonidos|lpm_mult:Mult0|altshift:external_latency_ffs", which is child of megafunction instantiation "sonidos_pwm:sonidos|lpm_mult:Mult0"
Warning (13012): Latch texto:texto_en_pantalla|bit_addr[0] has unsafe behavior
    Warning (13013): Ports D and ENA on the latch are fed by the same signal sincronismo_vga:sinc|v_count[9]
Warning (13012): Latch texto:texto_en_pantalla|bit_addr[1] has unsafe behavior
    Warning (13013): Ports D and ENA on the latch are fed by the same signal sincronismo_vga:sinc|v_count[9]
Warning (13012): Latch texto:texto_en_pantalla|bit_addr[2] has unsafe behavior
    Warning (13013): Ports D and ENA on the latch are fed by the same signal sincronismo_vga:sinc|h_count[5]
Warning (13012): Latch animacion:graficos|graph_rgb[2] has unsafe behavior
    Warning (13013): Ports D and ENA on the latch are fed by the same signal sincronismo_vga:sinc|v_count[9]
Warning (13012): Latch animacion:graficos|graph_rgb[1] has unsafe behavior
    Warning (13013): Ports D and ENA on the latch are fed by the same signal sincronismo_vga:sinc|v_count[9]
Warning (13012): Latch animacion:graficos|graph_rgb[0] has unsafe behavior
    Warning (13013): Ports D and ENA on the latch are fed by the same signal sincronismo_vga:sinc|h_count[9]
Warning (13012): Latch texto:texto_en_pantalla|char_addr[1] has unsafe behavior
    Warning (13013): Ports D and ENA on the latch are fed by the same signal sincronismo_vga:sinc|h_count[7]
Warning (13012): Latch texto:texto_en_pantalla|char_addr[2] has unsafe behavior
    Warning (13013): Ports D and ENA on the latch are fed by the same signal sincronismo_vga:sinc|h_count[7]
Warning (13012): Latch texto:texto_en_pantalla|char_addr[3] has unsafe behavior
    Warning (13013): Ports D and ENA on the latch are fed by the same signal sincronismo_vga:sinc|h_count[7]
Warning (13012): Latch texto:texto_en_pantalla|char_addr[0] has unsafe behavior
    Warning (13013): Ports D and ENA on the latch are fed by the same signal sincronismo_vga:sinc|h_count[7]
Warning (13012): Latch texto:texto_en_pantalla|row_addr[0] has unsafe behavior
    Warning (13013): Ports D and ENA on the latch are fed by the same signal sincronismo_vga:sinc|v_count[9]
Warning (13012): Latch texto:texto_en_pantalla|char_addr[6] has unsafe behavior
    Warning (13013): Ports D and ENA on the latch are fed by the same signal sincronismo_vga:sinc|h_count[7]
Warning (13012): Latch texto:texto_en_pantalla|char_addr[4] has unsafe behavior
    Warning (13013): Ports D and ENA on the latch are fed by the same signal sincronismo_vga:sinc|h_count[6]
Warning (13012): Latch texto:texto_en_pantalla|row_addr[3] has unsafe behavior
    Warning (13013): Ports D and ENA on the latch are fed by the same signal sincronismo_vga:sinc|v_count[5]
Warning (13012): Latch texto:texto_en_pantalla|row_addr[2] has unsafe behavior
    Warning (13013): Ports D and ENA on the latch are fed by the same signal sincronismo_vga:sinc|v_count[4]
Warning (13012): Latch texto:texto_en_pantalla|row_addr[1] has unsafe behavior
    Warning (13013): Ports D and ENA on the latch are fed by the same signal sincronismo_vga:sinc|v_count[4]
Warning (13012): Latch texto:texto_en_pantalla|char_addr[5] has unsafe behavior
    Warning (13013): Ports D and ENA on the latch are fed by the same signal sincronismo_vga:sinc|h_count[7]
Info (13000): Registers with preset signals will power-up high
Info (13003): DEV_CLRn pin will set, and not reset, register with preset signal due to NOT Gate Push-Back
Warning (13004): Presettable and clearable registers converted to equivalent circuits with latches. Registers power-up to an undefined state, and DEVCLRn places the registers in an undefined state.
    Warning (13310): Register "animacion:graficos|en" is converted into an equivalent circuit using register "animacion:graficos|en~_emulated" and latch "animacion:graficos|en~1"
Info (144001): Generated suppressed messages file D:/Mis Documentos/UTN!/3er año/Tecnicas Digitales I/Proyecto Final de la materia/PONG - Version completa 3c/output_files/Pong_juego_completo.map.smsg
Info (16010): Generating hard_block partition "hard_block:auto_generated_inst"
    Info (16011): Adding 0 node(s), including 0 DDIO, 0 PLL, 0 transceiver and 0 LCELL
Info (21057): Implemented 2738 device resources after synthesis - the final resource count might be different
    Info (21058): Implemented 8 input pins
    Info (21059): Implemented 49 output pins
    Info (21061): Implemented 2681 logic cells
Info: Quartus II 64-Bit Analysis & Synthesis was successful. 0 errors, 48 warnings
    Info: Peak virtual memory: 516 megabytes
    Info: Processing ended: Wed Nov 27 11:31:13 2013
    Info: Elapsed time: 00:00:38
    Info: Total CPU time (on all processors): 00:00:38


+------------------------------------------+
; Analysis & Synthesis Suppressed Messages ;
+------------------------------------------+
The suppressed messages can be found in D:/Mis Documentos/UTN!/3er año/Tecnicas Digitales I/Proyecto Final de la materia/PONG - Version completa 3c/output_files/Pong_juego_completo.map.smsg.


