Flow report for Pong_juego_completo
Wed Nov 27 11:32:09 2013
Quartus II 64-Bit Version 13.0.1 Build 232 06/12/2013 Service Pack 1 SJ Web Edition


---------------------
; Table of Contents ;
---------------------
  1. Legal Notice
  2. Flow Summary
  3. Flow Settings
  4. Flow Non-Default Global Settings
  5. Flow Elapsed Time
  6. Flow OS Summary
  7. Flow Log
  8. Flow Messages
  9. Flow Suppressed Messages



----------------
; Legal Notice ;
----------------
Copyright (C) 1991-2013 Altera Corporation
Your use of Altera Corporation's design tools, logic functions 
and other software and tools, and its AMPP partner logic 
functions, and any output files from any of the foregoing 
(including device programming or simulation files), and any 
associated documentation or information are expressly subject 
to the terms and conditions of the Altera Program License 
Subscription Agreement, Altera MegaCore Function License 
Agreement, or other applicable license agreement, including, 
without limitation, that your use is for the sole purpose of 
programming logic devices manufactured by Altera and sold by 
Altera or its authorized distributors.  Please refer to the 
applicable agreement for further details.



+--------------------------------------------------------------------------------------+
; Flow Summary                                                                         ;
+------------------------------------+-------------------------------------------------+
; Flow Status                        ; Successful - Wed Nov 27 11:32:04 2013           ;
; Quartus II 64-Bit Version          ; 13.0.1 Build 232 06/12/2013 SP 1 SJ Web Edition ;
; Revision Name                      ; Pong_juego_completo                             ;
; Top-level Entity Name              ; cabecera                                        ;
; Family                             ; Cyclone II                                      ;
; Device                             ; EP2C20F484C7                                    ;
; Timing Models                      ; Final                                           ;
; Total logic elements               ; 2,650 / 18,752 ( 14 % )                         ;
;     Total combinational functions  ; 2,645 / 18,752 ( 14 % )                         ;
;     Dedicated logic registers      ; 209 / 18,752 ( 1 % )                            ;
; Total registers                    ; 209                                             ;
; Total pins                         ; 57 / 315 ( 18 % )                               ;
; Total virtual pins                 ; 0                                               ;
; Total memory bits                  ; 0 / 239,616 ( 0 % )                             ;
; Embedded Multiplier 9-bit elements ; 0 / 52 ( 0 % )                                  ;
; Total PLLs                         ; 0 / 4 ( 0 % )                                   ;
+------------------------------------+-------------------------------------------------+


+-----------------------------------------+
; Flow Settings                           ;
+-------------------+---------------------+
; Option            ; Setting             ;
+-------------------+---------------------+
; Start date & time ; 11/27/2013 11:30:36 ;
; Main task         ; Compilation         ;
; Revision Name     ; Pong_juego_completo ;
+-------------------+---------------------+


+------------------------------------------------------------------------------------------------------------------------------+
; Flow Non-Default Global Settings                                                                                             ;
+-------------------------------------+---------------------------------------+---------------------+-------------+------------+
; Assignment Name                     ; Value                                 ; Default Value       ; Entity Name ; Section Id ;
+-------------------------------------+---------------------------------------+---------------------+-------------+------------+
; COMPILER_SIGNATURE_ID               ; 135308247632.138556263601244          ; --                  ; --          ; --         ;
; MAX_CORE_JUNCTION_TEMP              ; 85                                    ; --                  ; --          ; --         ;
; MIN_CORE_JUNCTION_TEMP              ; 0                                     ; --                  ; --          ; --         ;
; PARTITION_COLOR                     ; 16764057                              ; --                  ; cabecera    ; Top        ;
; PARTITION_FITTER_PRESERVATION_LEVEL ; PLACEMENT_AND_ROUTING                 ; --                  ; cabecera    ; Top        ;
; PARTITION_NETLIST_TYPE              ; SOURCE                                ; --                  ; cabecera    ; Top        ;
; POWER_BOARD_THERMAL_MODEL           ; None (CONSERVATIVE)                   ; --                  ; --          ; --         ;
; POWER_PRESET_COOLING_SOLUTION       ; 23 MM HEAT SINK WITH 200 LFPM AIRFLOW ; --                  ; --          ; --         ;
; PROJECT_OUTPUT_DIRECTORY            ; output_files                          ; --                  ; --          ; --         ;
; TOP_LEVEL_ENTITY                    ; cabecera                              ; Pong_juego_completo ; --          ; --         ;
+-------------------------------------+---------------------------------------+---------------------+-------------+------------+


+-------------------------------------------------------------------------------------------------------------------------------+
; Flow Elapsed Time                                                                                                             ;
+---------------------------+--------------+-------------------------+---------------------+------------------------------------+
; Module Name               ; Elapsed Time ; Average Processors Used ; Peak Virtual Memory ; Total CPU Time (on all processors) ;
+---------------------------+--------------+-------------------------+---------------------+------------------------------------+
; Analysis & Synthesis      ; 00:00:37     ; 1.0                     ; 505 MB              ; 00:00:37                           ;
; Fitter                    ; 00:00:46     ; 1.0                     ; 639 MB              ; 00:00:46                           ;
; Assembler                 ; 00:00:02     ; 1.0                     ; 408 MB              ; 00:00:02                           ;
; TimeQuest Timing Analyzer ; 00:00:04     ; 1.0                     ; 430 MB              ; 00:00:03                           ;
; Total                     ; 00:01:29     ; --                      ; --                  ; 00:01:28                           ;
+---------------------------+--------------+-------------------------+---------------------+------------------------------------+


+----------------------------------------------------------------------------------------+
; Flow OS Summary                                                                        ;
+---------------------------+------------------+-----------+------------+----------------+
; Module Name               ; Machine Hostname ; OS Name   ; OS Version ; Processor type ;
+---------------------------+------------------+-----------+------------+----------------+
; Analysis & Synthesis      ; Faku             ; Windows 7 ; 6.1        ; x86_64         ;
; Fitter                    ; Faku             ; Windows 7 ; 6.1        ; x86_64         ;
; Assembler                 ; Faku             ; Windows 7 ; 6.1        ; x86_64         ;
; TimeQuest Timing Analyzer ; Faku             ; Windows 7 ; 6.1        ; x86_64         ;
+---------------------------+------------------+-----------+------------+----------------+


------------
; Flow Log ;
------------
quartus_map --read_settings_files=on --write_settings_files=off Pong_juego_completo -c Pong_juego_completo
quartus_fit --read_settings_files=off --write_settings_files=off Pong_juego_completo -c Pong_juego_completo
quartus_asm --read_settings_files=off --write_settings_files=off Pong_juego_completo -c Pong_juego_completo
quartus_sta Pong_juego_completo -c Pong_juego_completo



